[3] W DRAM[0]
[103] W DRAM[10e7]
[106] W DRAM[0]
[206] W DRAM[2477]
[209] W DRAM[0]
[309] R DRAM[3e98]
[312] W DRAM[0]
[412] W DRAM[4768]
[415] W DRAM[0]
[515] W DRAM[5ae0]
[518] W DRAM[0]
[618] W DRAM[6d89]
[621] W DRAM[0]
[721] W DRAM[7a57]
[724] W DRAM[0]
[824] R DRAM[8568]
[827] W DRAM[0]
[927] R DRAM[931f]
[930] W DRAM[0]
[1030] W DRAM[af4e]
[1033] W DRAM[0]
[1133] R DRAM[b11d]
[1136] W DRAM[0]
[1236] W DRAM[ceef]
[1239] W DRAM[0]
[1339] W DRAM[d7d1]
[1342] W DRAM[0]
[1442] R DRAM[e265]
[1445] W DRAM[0]
[1545] W DRAM[feae]
[1548] W DRAM[0]
[1648] W DRAM[10a4e]
[1651] W DRAM[0]
[1751] R DRAM[11a3f]
[1754] W DRAM[0]
[1854] R DRAM[12f9e]
[1857] W DRAM[0]
[1957] R DRAM[13409]
[1960] W DRAM[0]
[2060] W DRAM[14cf6]
[2063] W DRAM[0]
[2163] W DRAM[152e7]
[2166] W DRAM[0]
[2266] R DRAM[16422]
[2269] W DRAM[0]
[2369] W DRAM[178ff]
[2372] W DRAM[0]
[2472] W DRAM[187d3]
[2475] W DRAM[0]
[2575] W DRAM[192bd]
[2578] W DRAM[0]
[2678] W DRAM[1aae3]
[2681] W DRAM[0]
[2781] W DRAM[1b9e4]
[2784] W DRAM[0]
[2884] R DRAM[1c23b]
[2887] W DRAM[0]
[2987] R DRAM[1d197]
[2990] W DRAM[0]
[3090] R DRAM[1e6e7]
[3093] W DRAM[0]
[3193] R DRAM[1ff1e]
[3196] W DRAM[0]
[3296] R DRAM[20c31]
[3299] W DRAM[0]
[3399] W DRAM[1000]
[3499] W DRAM[21958]
[3502] W DRAM[0]
[3602] W DRAM[2000]
[3702] R DRAM[2208a]
[3705] W DRAM[0]
[3805] R DRAM[23b8d]
[3808] W DRAM[0]
[3908] W DRAM[4000]
[4008] W DRAM[24e85]
[4011] W DRAM[0]
[4111] W DRAM[5000]
[4211] R DRAM[258ab]
[4214] W DRAM[0]
[4314] W DRAM[6000]
[4414] R DRAM[265ba]
[4417] W DRAM[0]
[4517] W DRAM[7000]
[4617] W DRAM[2726d]
[4620] W DRAM[0]
[4720] R DRAM[28ba5]
[4723] W DRAM[0]
[4823] W DRAM[29e09]
[4826] W DRAM[0]
[4926] W DRAM[a000]
[5026] W DRAM[2ad5e]
[5029] W DRAM[0]
[5129] R DRAM[2bca2]
[5132] W DRAM[0]
[5232] W DRAM[c000]
[5332] W DRAM[2c302]
[5335] W DRAM[0]
[5435] W DRAM[d000]
[5535] W DRAM[2d086]
[5538] W DRAM[0]
[5638] R DRAM[2e192]
[5641] W DRAM[0]
[5741] W DRAM[f000]
[5841] R DRAM[2f894]
[5844] W DRAM[0]
[5944] W DRAM[10000]
[6044] R DRAM[309d5]
[6047] W DRAM[0]
[6147] R DRAM[31bf9]
[6150] W DRAM[0]
[6250] R DRAM[32fda]
[6253] W DRAM[0]
[6353] R DRAM[3318b]
[6356] W DRAM[0]
[6456] W DRAM[14000]
[6556] W DRAM[3433f]
[6559] W DRAM[0]
[6659] W DRAM[15000]
[6759] W DRAM[35e03]
[6762] W DRAM[0]
[6862] R DRAM[361b2]
[6865] W DRAM[0]
[6965] W DRAM[17000]
[7065] R DRAM[3721f]
[7068] W DRAM[0]
[7168] W DRAM[18000]
[7268] R DRAM[38092]
[7271] W DRAM[0]
[7371] W DRAM[19000]
[7471] W DRAM[3951d]
[7474] W DRAM[0]
[7574] W DRAM[1a000]
[7674] R DRAM[3a473]
[7677] W DRAM[0]
[7777] W DRAM[1b000]
[7877] W DRAM[3b5c0]
[7880] W DRAM[0]
[7980] R DRAM[3ca62]
[7983] W DRAM[0]
[8083] W DRAM[3d370]
[8086] W DRAM[0]
[8186] R DRAM[3e278]
[8189] W DRAM[0]
[8289] R DRAM[3f6aa]
[8292] W DRAM[0]
[8392] R DRAM[40a40]
[8395] W DRAM[0]
[8495] W DRAM[21000]
[8595] R DRAM[41fd2]
[8598] W DRAM[0]
[8698] W DRAM[4251e]
[8701] W DRAM[0]
[8801] W DRAM[43dd7]
[8804] W DRAM[0]
[8904] W DRAM[24000]
[9004] R DRAM[4453d]
[9007] W DRAM[0]
[9107] R DRAM[45153]
[9110] W DRAM[0]
[9210] W DRAM[4658f]
[9213] W DRAM[0]
[9313] W DRAM[27000]
[9413] R DRAM[47693]
[9416] W DRAM[0]
[9516] R DRAM[4867a]
[9519] W DRAM[0]
[9619] W DRAM[29000]
[9719] R DRAM[490a5]
[9722] W DRAM[0]
[9822] W DRAM[2a000]
[9922] R DRAM[4a9cd]
[9925] W DRAM[0]
[10025] R DRAM[4b3e3]
[10028] W DRAM[0]
[10128] W DRAM[2c000]
[10228] W DRAM[4cf0e]
[10231] W DRAM[0]
[10331] W DRAM[2d000]
[10431] W DRAM[4dbbc]
[10434] W DRAM[0]
[10534] W DRAM[4e167]
[10537] W DRAM[0]
[10637] R DRAM[4f93e]
[10640] W DRAM[0]
[10740] W DRAM[50be5]
[10743] W DRAM[0]
[10843] W DRAM[51b41]
[10846] W DRAM[0]
[10946] R DRAM[5205e]
[10949] W DRAM[0]
[11049] R DRAM[53004]
[11052] W DRAM[0]
[11152] W DRAM[34000]
[11252] R DRAM[54aea]
[11255] W DRAM[0]
[11355] W DRAM[35000]
[11455] W DRAM[55b42]
[11458] W DRAM[0]
[11558] W DRAM[56dfd]
[11561] W DRAM[0]
[11661] R DRAM[572eb]
[11664] W DRAM[0]
[11764] R DRAM[5804d]
[11767] W DRAM[0]
[11867] W DRAM[39000]
[11967] W DRAM[5996e]
[11970] W DRAM[0]
[12070] W DRAM[5a43d]
[12073] W DRAM[0]
[12173] W DRAM[3b000]
[12273] R DRAM[5b5f6]
[12276] W DRAM[0]
[12376] W DRAM[5c501]
[12379] W DRAM[0]
[12479] W DRAM[3d000]
[12579] R DRAM[5d8c8]
[12582] W DRAM[0]
[12682] R DRAM[5e715]
[12685] W DRAM[0]
[12785] R DRAM[5f446]
[12788] W DRAM[0]
[12888] R DRAM[60838]
[12891] W DRAM[0]
[12991] W DRAM[61408]
[12994] W DRAM[0]
[13094] W DRAM[42000]
[13194] W DRAM[62ddb]
[13197] W DRAM[0]
[13297] W DRAM[43000]
[13397] R DRAM[63a52]
[13400] W DRAM[0]
[13500] W DRAM[640cc]
Elapsed: 13500 ns
Total instructions executed: 100
Total page faults: 100
Total page evictions: 0
Total TLB L1 hits: 0 (0.00%)
Total TLB L2 hits: 0 (0.00%)
Total TLB L1 invalidations: 0
Total TLB L2 invalidations: 0
